# On branch master
# Changed but not updated:
#   (use "git add <file>..." to update what will be committed)
#   (use "git checkout -- <file>..." to discard changes in working directory)
#
#	modified:   lib/libstdc++/shlib_version
#	modified:   usr.bin/binutils/gdb/amd64obsd-tdep.c
#	modified:   usr.bin/binutils/gdb/bsd-uthread.c
#	modified:   usr.bin/binutils/gdb/bsd-uthread.h
#	modified:   usr.bin/binutils/gdb/i386obsd-tdep.c
#	modified:   usr.bin/gcc/Makefile.bsd-wrapper
#	modified:   usr.bin/gcc/gcc/configure
#	modified:   usr.bin/gcc/gcc/configure.in
#
# Untracked files:
#   (use "git add <file>..." to include in what will be committed)
#
#	status.log
#	up.log
no changes added to commit (use "git add" and/or "git commit -a")
