? .git
? .gitignore
? status.log
? up.log
P gcc/gcc/c-format.c
P gcc/gcc/common.opt
P gcc/gcc/flags.h
P gcc/gcc/libgcc2.h
P gcc/gcc/opts.c
U gcc/gcc/config/host-openbsd.c
U gcc/gcc/config/openbsd-libpthread.h
P gcc/gcc/config/openbsd.h
P gcc/gcc/config/i386/i386.c
U gcc/gcc/config/i386/openbsd64.h
P gcc/gcc/config/i386/openbsdelf.h
P gcc/gcc/doc/invoke.texi
P gcc/libcpp/include/cpp-id-data.h
U usr.bin/cc/Makefile
U usr.bin/cc/Makefile.fe
U usr.bin/cc/Makefile.inc
U usr.bin/cc/Makefile.tgt
U usr.bin/cc/Makefile.ver
U usr.bin/cc/c++/Makefile
U usr.bin/cc/c++filt/Makefile
U usr.bin/cc/cc/Makefile
U usr.bin/cc/cc1/Makefile
U usr.bin/cc/cc1obj/Makefile
U usr.bin/cc/cc1plus/Makefile
U usr.bin/cc/cc_int/Makefile
U usr.bin/cc/cc_tools/Makefile
U usr.bin/cc/cc_tools/Makefile.dep
U usr.bin/cc/cc_tools/auto-host.h
U usr.bin/cc/cc_tools/openbsd-native.h
U usr.bin/cc/cc_tools/size-host.h
U usr.bin/cc/collect2/Makefile
U usr.bin/cc/cpp/Makefile
U usr.bin/cc/doc/Makefile
U usr.bin/cc/gcov/Makefile
U usr.bin/cc/include/Makefile
U usr.bin/cc/libcpp/Makefile
U usr.bin/cc/libcpp/config.h
U usr.bin/cc/libdecnumber/Makefile
U usr.bin/cc/libdecnumber/config.h
U usr.bin/cc/libgcc/Makefile
P usr.bin/gcc/gcc/c-common.c
